[0.008s] Invoking command in '/home/casey/ros2_ws/build/flexiv_rizon_gazebo': CMAKE_PREFIX_PATH=${CMAKE_PREFIX_PATH}:/opt/ros/humble /usr/bin/cmake /home/casey/ros2_ws/src/flexiv_rizon_gazebo -DCMAKE_INSTALL_PREFIX=/home/casey/ros2_ws/install/flexiv_rizon_gazebo
[0.056s] -- The C compiler identification is GNU 11.4.0
[0.098s] -- The CXX compiler identification is GNU 11.4.0
[0.103s] -- Detecting C compiler ABI info
[0.168s] -- Detecting C compiler ABI info - done
[0.172s] -- Check for working C compiler: /usr/bin/cc - skipped
[0.172s] -- Detecting C compile features
[0.172s] -- Detecting C compile features - done
[0.174s] -- Detecting CXX compiler ABI info
[0.240s] -- Detecting CXX compiler ABI info - done
[0.244s] -- Check for working CXX compiler: /usr/bin/c++ - skipped
[0.244s] -- Detecting CXX compile features
[0.245s] -- Detecting CXX compile features - done
[0.246s] -- Found ament_cmake: 1.3.9 (/opt/ros/humble/share/ament_cmake/cmake)
[0.346s] -- Found Python3: /usr/bin/python3 (found version "3.10.12") found components: Interpreter 
[0.401s] -- Found gazebo_ros: 3.7.0 (/opt/ros/humble/share/gazebo_ros/cmake)
[0.430s] -- Found rosidl_generator_c: 3.1.5 (/opt/ros/humble/share/rosidl_generator_c/cmake)
[0.433s] -- Found rosidl_adapter: 3.1.5 (/opt/ros/humble/share/rosidl_adapter/cmake)
[0.438s] -- Found rosidl_generator_cpp: 3.1.5 (/opt/ros/humble/share/rosidl_generator_cpp/cmake)
[0.446s] -- Using all available rosidl_typesupport_c: rosidl_typesupport_fastrtps_c;rosidl_typesupport_introspection_c
[0.457s] -- Using all available rosidl_typesupport_cpp: rosidl_typesupport_fastrtps_cpp;rosidl_typesupport_introspection_cpp
[0.496s] -- Found rmw_implementation_cmake: 6.1.2 (/opt/ros/humble/share/rmw_implementation_cmake/cmake)
[0.497s] -- Found rmw_fastrtps_cpp: 6.2.6 (/opt/ros/humble/share/rmw_fastrtps_cpp/cmake)
[0.603s] -- Found OpenSSL: /usr/lib/x86_64-linux-gnu/libcrypto.so (found version "3.0.2")  
[0.621s] -- Found FastRTPS: /opt/ros/humble/include  
[0.659s] -- Using RMW implementation 'rmw_fastrtps_cpp' as default
[0.665s] -- Looking for pthread.h
[0.726s] -- Looking for pthread.h - found
[0.726s] -- Performing Test CMAKE_HAVE_LIBC_PTHREAD
[0.794s] -- Performing Test CMAKE_HAVE_LIBC_PTHREAD - Success
[0.794s] -- Found Threads: TRUE  
[0.895s] -- Found PkgConfig: /usr/bin/pkg-config (found version "0.29.2") 
[0.896s] -- Checking for module 'bullet>=2.82'
[0.909s] --   Found bullet, version 3.05
[1.037s] -- Found fcl: /usr/include (found suitable version "0.7.0", minimum required is "0.5.0") 
[1.102s] -- Found assimp: /usr/include (found version "5.2.0") 
[1.126s] -- Found DART: /usr/include (Required is at least version "6.6") found components: dart 
[1.149s] -- Found Boost: /usr/lib/x86_64-linux-gnu/cmake/Boost-1.74.0/BoostConfig.cmake (found suitable version "1.74.0", minimum required is "1.40.0") found components: thread system filesystem program_options regex iostreams date_time 
[1.161s] -- Found Protobuf: /usr/lib/x86_64-linux-gnu/libprotobuf.so (found version "3.12.4") 
[1.164s] -- Looking for ignition-math6 -- found version 6.15.1
[1.168s] -- Searching for dependencies of ignition-math6
[1.169s] -- Looking for OGRE...
[1.169s] -- OGRE_PREFIX_WATCH changed.
[1.176s] -- Checking for module 'OGRE'
[1.192s] --   Found OGRE, version 1.9.0
[1.224s] -- Found Ogre Ghadamon (1.9.0)
[1.228s] -- Found OGRE: optimized;/usr/lib/x86_64-linux-gnu/libOgreMain.so;debug;/usr/lib/x86_64-linux-gnu/libOgreMain.so
[1.237s] -- Looking for OGRE_Paging...
[1.240s] -- Found OGRE_Paging: optimized;/usr/lib/x86_64-linux-gnu/libOgrePaging.so;debug;/usr/lib/x86_64-linux-gnu/libOgrePaging.so
[1.240s] -- Looking for OGRE_Terrain...
[1.243s] -- Found OGRE_Terrain: optimized;/usr/lib/x86_64-linux-gnu/libOgreTerrain.so;debug;/usr/lib/x86_64-linux-gnu/libOgreTerrain.so
[1.243s] -- Looking for OGRE_Property...
[1.246s] -- Found OGRE_Property: optimized;/usr/lib/x86_64-linux-gnu/libOgreProperty.so;debug;/usr/lib/x86_64-linux-gnu/libOgreProperty.so
[1.246s] -- Looking for OGRE_RTShaderSystem...
[1.248s] -- Found OGRE_RTShaderSystem: optimized;/usr/lib/x86_64-linux-gnu/libOgreRTShaderSystem.so;debug;/usr/lib/x86_64-linux-gnu/libOgreRTShaderSystem.so
[1.249s] -- Looking for OGRE_Volume...
[1.252s] -- Found OGRE_Volume: optimized;/usr/lib/x86_64-linux-gnu/libOgreVolume.so;debug;/usr/lib/x86_64-linux-gnu/libOgreVolume.so
[1.252s] -- Looking for OGRE_Overlay...
[1.254s] -- Found OGRE_Overlay: optimized;/usr/lib/x86_64-linux-gnu/libOgreOverlay.so;debug;/usr/lib/x86_64-linux-gnu/libOgreOverlay.so
[1.310s] -- Looking for ignition-math6 -- found version 6.15.1
[1.311s] -- Looking for ignition-transport8 -- found version 8.2.1
[1.311s] -- Searching for dependencies of ignition-transport8
[1.324s] -- Found Protobuf: /usr/lib/x86_64-linux-gnu/libprotobuf.so (found suitable version "3.12.4", minimum required is "3") 
[1.334s] -- Config-file not installed for ZeroMQ -- checking for pkg-config
[1.340s] -- Checking for module 'libzmq >= 4'
[1.356s] --   Found libzmq , version 4.3.4
[1.399s] -- Found ZeroMQ: TRUE (Required is at least version "4") 
[1.403s] -- Checking for module 'uuid'
[1.416s] --   Found uuid, version 2.37.2
[1.462s] -- Found UUID: TRUE  
[1.464s] -- Looking for ignition-msgs5 -- found version 5.8.1
[1.464s] -- Searching for dependencies of ignition-msgs5
[1.480s] -- Looking for ignition-math6 -- found version 6.15.1
[1.483s] -- Checking for module 'tinyxml2'
[1.497s] --   Found tinyxml2, version 9.0.0
[1.539s] -- Looking for ignition-msgs5 -- found version 5.8.1
[1.540s] -- Looking for ignition-common3 -- found version 3.14.0
[1.540s] -- Searching for dependencies of ignition-common3
[1.541s] -- Looking for dlfcn.h - found
[1.541s] -- Looking for libdl - found
[1.542s] -- Found DL: TRUE  
[1.552s] -- Found tinyobjloader: /usr/lib/x86_64-linux-gnu/cmake/tinyobjloader/tinyobjloader-config.cmake (found version "2.0.0") 
[1.552s] -- Searching for <ignition-common3> component [graphics]
[1.553s] -- Looking for ignition-common3-graphics -- found version 3.14.0
[1.554s] -- Searching for dependencies of ignition-common3-graphics
[1.554s] -- Looking for ignition-math6 -- found version 6.15.1
[1.555s] -- Looking for ignition-fuel_tools4 -- found version 4.4.0
[1.556s] -- Searching for dependencies of ignition-fuel_tools4
[1.661s] -- Found CURL: /usr/lib/x86_64-linux-gnu/libcurl.so (found version "7.81.0")  
[1.668s] -- Checking for module 'jsoncpp'
[1.686s] --   Found jsoncpp, version 1.9.5
[1.723s] -- Found JSONCPP: TRUE  
[1.728s] -- Checking for module 'libzip'
[1.748s] --   Found libzip, version 1.7.3
[1.792s] -- Found ZIP: TRUE  
[1.792s] -- Looking for ignition-common3 -- found version 3.14.0
[1.792s] -- Looking for ignition-math6 -- found version 6.15.1
[1.792s] -- Looking for ignition-msgs5 -- found version 5.8.1
[1.793s] -- Gazebo version: 11.10
[1.794s] -- Checking for module 'tbb'
[1.807s] --   Found tbb, version 2021.5.0
[1.855s] -- Found ament_lint_auto: 0.12.11 (/opt/ros/humble/share/ament_lint_auto/cmake)
[1.900s] -- Added test 'flake8' to check Python code syntax and style conventions
[1.900s] -- Added test 'lint_cmake' to check CMake code style
[1.900s] -- Added test 'pep257' to check Python code against some of the docstring style conventions in PEP 257
[1.901s] -- Added test 'xmllint' to check XML markup files
[1.902s] -- Configuring done
[1.906s] -- Generating done
[1.907s] -- Build files have been written to: /home/casey/ros2_ws/build/flexiv_rizon_gazebo
[1.916s] Invoked command in '/home/casey/ros2_ws/build/flexiv_rizon_gazebo' returned '0': CMAKE_PREFIX_PATH=${CMAKE_PREFIX_PATH}:/opt/ros/humble /usr/bin/cmake /home/casey/ros2_ws/src/flexiv_rizon_gazebo -DCMAKE_INSTALL_PREFIX=/home/casey/ros2_ws/install/flexiv_rizon_gazebo
[1.919s] Invoking command in '/home/casey/ros2_ws/build/flexiv_rizon_gazebo': CMAKE_PREFIX_PATH=${CMAKE_PREFIX_PATH}:/opt/ros/humble /usr/bin/cmake --build /home/casey/ros2_ws/build/flexiv_rizon_gazebo -- -j16 -l16
[1.959s] Invoked command in '/home/casey/ros2_ws/build/flexiv_rizon_gazebo' returned '0': CMAKE_PREFIX_PATH=${CMAKE_PREFIX_PATH}:/opt/ros/humble /usr/bin/cmake --build /home/casey/ros2_ws/build/flexiv_rizon_gazebo -- -j16 -l16
[1.995s] Invoking command in '/home/casey/ros2_ws/build/flexiv_rizon_gazebo': CMAKE_PREFIX_PATH=${CMAKE_PREFIX_PATH}:/opt/ros/humble /usr/bin/cmake --install /home/casey/ros2_ws/build/flexiv_rizon_gazebo
[2.000s] -- Install configuration: ""
[2.000s] -- Installing: /home/casey/ros2_ws/install/flexiv_rizon_gazebo/share/flexiv_rizon_gazebo/launch
[2.000s] -- Installing: /home/casey/ros2_ws/install/flexiv_rizon_gazebo/share/flexiv_rizon_gazebo/launch/rizon_gazebo.launch.py
[2.000s] -- Installing: /home/casey/ros2_ws/install/flexiv_rizon_gazebo/share/ament_index/resource_index/package_run_dependencies/flexiv_rizon_gazebo
[2.000s] -- Installing: /home/casey/ros2_ws/install/flexiv_rizon_gazebo/share/ament_index/resource_index/parent_prefix_path/flexiv_rizon_gazebo
[2.000s] -- Installing: /home/casey/ros2_ws/install/flexiv_rizon_gazebo/share/flexiv_rizon_gazebo/environment/ament_prefix_path.sh
[2.000s] -- Installing: /home/casey/ros2_ws/install/flexiv_rizon_gazebo/share/flexiv_rizon_gazebo/environment/ament_prefix_path.dsv
[2.000s] -- Installing: /home/casey/ros2_ws/install/flexiv_rizon_gazebo/share/flexiv_rizon_gazebo/environment/path.sh
[2.000s] -- Installing: /home/casey/ros2_ws/install/flexiv_rizon_gazebo/share/flexiv_rizon_gazebo/environment/path.dsv
[2.000s] -- Installing: /home/casey/ros2_ws/install/flexiv_rizon_gazebo/share/flexiv_rizon_gazebo/local_setup.bash
[2.001s] -- Installing: /home/casey/ros2_ws/install/flexiv_rizon_gazebo/share/flexiv_rizon_gazebo/local_setup.sh
[2.001s] -- Installing: /home/casey/ros2_ws/install/flexiv_rizon_gazebo/share/flexiv_rizon_gazebo/local_setup.zsh
[2.001s] -- Installing: /home/casey/ros2_ws/install/flexiv_rizon_gazebo/share/flexiv_rizon_gazebo/local_setup.dsv
[2.001s] -- Installing: /home/casey/ros2_ws/install/flexiv_rizon_gazebo/share/flexiv_rizon_gazebo/package.dsv
[2.001s] -- Installing: /home/casey/ros2_ws/install/flexiv_rizon_gazebo/share/ament_index/resource_index/packages/flexiv_rizon_gazebo
[2.001s] -- Installing: /home/casey/ros2_ws/install/flexiv_rizon_gazebo/share/flexiv_rizon_gazebo/cmake/flexiv_rizon_gazeboConfig.cmake
[2.001s] -- Installing: /home/casey/ros2_ws/install/flexiv_rizon_gazebo/share/flexiv_rizon_gazebo/cmake/flexiv_rizon_gazeboConfig-version.cmake
[2.001s] -- Installing: /home/casey/ros2_ws/install/flexiv_rizon_gazebo/share/flexiv_rizon_gazebo/package.xml
[2.003s] Invoked command in '/home/casey/ros2_ws/build/flexiv_rizon_gazebo' returned '0': CMAKE_PREFIX_PATH=${CMAKE_PREFIX_PATH}:/opt/ros/humble /usr/bin/cmake --install /home/casey/ros2_ws/build/flexiv_rizon_gazebo
